#
# There is insufficient memory for the Java Runtime Environment to continue.
# Native memory allocation (malloc) failed to allocate 623760 bytes. Error detail: Chunk::new
# Possible reasons:
#   The system is out of physical RAM or swap space
#   This process is running with CompressedOops enabled, and the Java Heap may be blocking the growth of the native heap
# Possible solutions:
#   Reduce memory load on the system
#   Increase physical memory or swap space
#   Check if swap backing store is full
#   Decrease Java heap size (-Xmx/-Xms)
#   Decrease number of Java threads
#   Decrease Java thread stack sizes (-Xss)
#   Set larger code cache with -XX:ReservedCodeCacheSize=
#   JVM is running with Unscaled Compressed Oops mode in which the Java heap is
#     placed in the first 4GB address space. The Java Heap base address is the
#     maximum limit for the native heap growth. Please use -XX:HeapBaseMinAddress
#     to set the Java Heap base and to place the Java Heap above 4GB virtual address.
# This output file may be truncated or incomplete.
#
#  Out of Memory Error (arena.cpp:149), pid=33204, tid=32132
#
# JRE version: OpenJDK Runtime Environment Temurin-23+37 (23.0+37) (build 23+37)
# Java VM: OpenJDK 64-Bit Server VM Temurin-23+37 (23+37, mixed mode, sharing, tiered, compressed oops, compressed class ptrs, g1 gc, windows-amd64)
# No core dump will be written. Minidumps are not enabled by default on client versions of Windows
#

---------------  S U M M A R Y ------------

Command Line: -ea -Dfile.encoding=UTF-8 -Dstdout.encoding=UTF-8 -Dstderr.encoding=UTF-8 -XX:+ShowCodeDetailsInExceptionMessages org.eclipse.jdt.internal.junit.runner.RemoteTestRunner -version 3 -port 58992 -testLoaderClass org.eclipse.jdt.internal.junit4.runner.JUnit4TestLoader -loaderpluginname org.eclipse.jdt.junit4.runtime -classNames StepDefinition.TestRunner

Host: AMD Ryzen 5 7520U with Radeon Graphics         , 8 cores, 5G,  Windows 11 , 64 bit Build 22621 (10.0.22621.5124)
Time: Thu Apr 24 23:01:04 2025 India Standard Time elapsed time: 144.106360 seconds (0d 0h 2m 24s)

---------------  T H R E A D  ---------------

Current thread (0x00000257b4304570):  JavaThread "C2 CompilerThread0" daemon [_thread_in_native, id=32132, stack(0x0000006199c00000,0x0000006199d00000) (1024K)]


Current CompileTask:
C2:144106 6127   !   4       freemarker.core.FMParserTokenManager::getNextToken (615 bytes)

Stack: [0x0000006199c00000,0x0000006199d00000]
Native frames: (J=compiled Java code, j=interpreted, Vv=VM code, C=native code)
V  [jvm.dll+0x6e8c69]  (no source info available)
V  [jvm.dll+0x8d9073]  (no source info available)
V  [jvm.dll+0x8db4fe]  (no source info available)
V  [jvm.dll+0x8dbbd3]  (no source info available)
V  [jvm.dll+0x281aa6]  (no source info available)
V  [jvm.dll+0xbbb0f]  (no source info available)
V  [jvm.dll+0xbbd6b]  (no source info available)
V  [jvm.dll+0x3b9ecc]  (no source info available)
V  [jvm.dll+0x3905eb]  (no source info available)
V  [jvm.dll+0x38fa4a]  (no source info available)
V  [jvm.dll+0x24ace1]  (no source info available)
V  [jvm.dll+0x24a03f]  (no source info available)
V  [jvm.dll+0x1c8ea0]  (no source info available)
V  [jvm.dll+0x25a13e]  (no source info available)
V  [jvm.dll+0x25840a]  (no source info available)
V  [jvm.dll+0x3f4706]  (no source info available)
V  [jvm.dll+0x88026b]  (no source info available)
V  [jvm.dll+0x6e7475]  (no source info available)
C  [ucrtbase.dll+0x29333]  (no source info available)
C  [KERNEL32.DLL+0x1259d]  (no source info available)
C  [ntdll.dll+0x5af38]  (no source info available)

Lock stack of current Java thread (top to bottom):


---------------  P R O C E S S  ---------------

Threads class SMR info:
_java_thread_list=0x00000257fc456e30, length=38, elements={
0x000002579a64fdb0, 0x00000257b42e8cf0, 0x00000257b42e97c0, 0x00000257b42ef330,
0x00000257b42f39c0, 0x00000257b42fc040, 0x00000257b42fe6c0, 0x00000257b4304570,
0x00000257b4304c30, 0x00000257b4448d10, 0x00000257b4453380, 0x00000257fb55f9e0,
0x00000257b4454a30, 0x00000257fc3be160, 0x00000257fc3bee80, 0x00000257fc3bf510,
0x00000257fc3c08c0, 0x00000257fb99f2b0, 0x00000257fb99e590, 0x00000257fb99ec20,
0x00000257fb9a20a0, 0x00000257fb9a2730, 0x00000257fb99c4c0, 0x00000257fb99d1e0,
0x00000257fb99f940, 0x00000257fb99d870, 0x00000257fb99ffd0, 0x00000257fb99be30,
0x00000257fb9a0660, 0x00000257fb9a3450, 0x00000257fc3c0f50, 0x00000257fc3c0230,
0x00000257fc3c15e0, 0x00000257fc3be7f0, 0x00000257fb9a1a10, 0x00000257fb184ce0,
0x00000257fb1832a0, 0x00000257fb185370
}

Java Threads: ( => current thread )
  0x000002579a64fdb0 JavaThread "main"                              [_thread_blocked, id=29532, stack(0x0000006198e00000,0x0000006198f00000) (1024K)]
  0x00000257b42e8cf0 JavaThread "Reference Handler"          daemon [_thread_blocked, id=19872, stack(0x0000006199600000,0x0000006199700000) (1024K)]
  0x00000257b42e97c0 JavaThread "Finalizer"                  daemon [_thread_blocked, id=26680, stack(0x0000006199700000,0x0000006199800000) (1024K)]
  0x00000257b42ef330 JavaThread "Signal Dispatcher"          daemon [_thread_blocked, id=31304, stack(0x0000006199800000,0x0000006199900000) (1024K)]
  0x00000257b42f39c0 JavaThread "Attach Listener"            daemon [_thread_blocked, id=19616, stack(0x0000006199900000,0x0000006199a00000) (1024K)]
  0x00000257b42fc040 JavaThread "Service Thread"             daemon [_thread_blocked, id=32428, stack(0x0000006199a00000,0x0000006199b00000) (1024K)]
  0x00000257b42fe6c0 JavaThread "Monitor Deflation Thread"   daemon [_thread_blocked, id=5396, stack(0x0000006199b00000,0x0000006199c00000) (1024K)]
=>0x00000257b4304570 JavaThread "C2 CompilerThread0"         daemon [_thread_in_native, id=32132, stack(0x0000006199c00000,0x0000006199d00000) (1024K)]
  0x00000257b4304c30 JavaThread "C1 CompilerThread0"         daemon [_thread_blocked, id=24912, stack(0x0000006199d00000,0x0000006199e00000) (1024K)]
  0x00000257b4448d10 JavaThread "Notification Thread"        daemon [_thread_blocked, id=33472, stack(0x0000006199e00000,0x0000006199f00000) (1024K)]
  0x00000257b4453380 JavaThread "Common-Cleaner"             daemon [_thread_blocked, id=28148, stack(0x0000006199f00000,0x000000619a000000) (1024K)]
  0x00000257fb55f9e0 JavaThread "ForkJoinPool.commonPool-worker-1" daemon [_thread_blocked, id=32436, stack(0x000000619a900000,0x000000619aa00000) (1024K)]
  0x00000257b4454a30 JavaThread "HttpClient-1-SelectorManager" daemon [_thread_in_native, id=7120, stack(0x000000619a000000,0x000000619a100000) (1024K)]
  0x00000257fc3be160 JavaThread "External Process Output Forwarder - C:\Users\SWATI LAHANE\.cache\selenium\geckodriver\win64\0.36.0\geckodriver.exe" daemon [_thread_in_native, id=27996, stack(0x000000619aa00000,0x000000619ab00000) (1024K)]
  0x00000257fc3bee80 JavaThread "Driver Service Executor"    daemon [_thread_blocked, id=20432, stack(0x000000619ab00000,0x000000619ac00000) (1024K)]
  0x00000257fc3bf510 JavaThread "Driver Service Executor"    daemon [_thread_blocked, id=17256, stack(0x000000619ac00000,0x000000619ad00000) (1024K)]
  0x00000257fc3c08c0 JavaThread "External Process Output Forwarder - C:\Users\SWATI LAHANE\.cache\selenium\geckodriver\win64\0.36.0\geckodriver.exe" daemon [_thread_in_native, id=12792, stack(0x000000619b300000,0x000000619b400000) (1024K)]
  0x00000257fb99f2b0 JavaThread "Driver Service Executor"    daemon [_thread_blocked, id=16328, stack(0x000000619b400000,0x000000619b500000) (1024K)]
  0x00000257fb99e590 JavaThread "Driver Service Executor"    daemon [_thread_blocked, id=23272, stack(0x000000619b500000,0x000000619b600000) (1024K)]
  0x00000257fb99ec20 JavaThread "External Process Output Forwarder - C:\Users\SWATI LAHANE\.cache\selenium\geckodriver\win64\0.36.0\geckodriver.exe" daemon [_thread_in_native, id=13324, stack(0x0000006198c00000,0x0000006198d00000) (1024K)]
  0x00000257fb9a20a0 JavaThread "Driver Service Executor"    daemon [_thread_blocked, id=22884, stack(0x0000006198d00000,0x0000006198e00000) (1024K)]
  0x00000257fb9a2730 JavaThread "Driver Service Executor"    daemon [_thread_blocked, id=2104, stack(0x000000619bb00000,0x000000619bc00000) (1024K)]
  0x00000257fb99c4c0 JavaThread "pool-3-thread-1"                   [_thread_blocked, id=7004, stack(0x000000619bc00000,0x000000619bd00000) (1024K)]
  0x00000257fb99d1e0 JavaThread "pool-3-thread-2"                   [_thread_blocked, id=31292, stack(0x000000619bd00000,0x000000619be00000) (1024K)]
  0x00000257fb99f940 JavaThread "pool-3-thread-3"                   [_thread_blocked, id=19752, stack(0x000000619be00000,0x000000619bf00000) (1024K)]
  0x00000257fb99d870 JavaThread "External Process Output Forwarder - C:\Users\SWATI LAHANE\.cache\selenium\geckodriver\win64\0.36.0\geckodriver.exe" daemon [_thread_in_native, id=24600, stack(0x000000619b000000,0x000000619b100000) (1024K)]
  0x00000257fb99ffd0 JavaThread "Driver Service Executor"    daemon [_thread_blocked, id=22328, stack(0x000000619b100000,0x000000619b200000) (1024K)]
  0x00000257fb99be30 JavaThread "Driver Service Executor"    daemon [_thread_blocked, id=30128, stack(0x000000619bf00000,0x000000619c000000) (1024K)]
  0x00000257fb9a0660 JavaThread "pool-4-thread-1"                   [_thread_blocked, id=19748, stack(0x000000619c000000,0x000000619c100000) (1024K)]
  0x00000257fb9a3450 JavaThread "pool-4-thread-2"                   [_thread_blocked, id=33104, stack(0x000000619c100000,0x000000619c200000) (1024K)]
  0x00000257fc3c0f50 JavaThread "pool-4-thread-3"                   [_thread_blocked, id=23520, stack(0x000000619c200000,0x000000619c300000) (1024K)]
  0x00000257fc3c0230 JavaThread "HttpClient-5-SelectorManager" daemon [_thread_in_native, id=25508, stack(0x0000006198b00000,0x0000006198c00000) (1024K)]
  0x00000257fc3c15e0 JavaThread "External Process Output Forwarder - C:\Users\SWATI LAHANE\.cache\selenium\geckodriver\win64\0.36.0\geckodriver.exe" daemon [_thread_in_native, id=19264, stack(0x000000619b200000,0x000000619b300000) (1024K)]
  0x00000257fc3be7f0 JavaThread "Driver Service Executor"    daemon [_thread_blocked, id=19128, stack(0x000000619c300000,0x000000619c400000) (1024K)]
  0x00000257fb9a1a10 JavaThread "Driver Service Executor"    daemon [_thread_blocked, id=23112, stack(0x000000619c400000,0x000000619c500000) (1024K)]
  0x00000257fb184ce0 JavaThread "pool-5-thread-1"                   [_thread_blocked, id=13940, stack(0x000000619c500000,0x000000619c600000) (1024K)]
  0x00000257fb1832a0 JavaThread "pool-5-thread-2"                   [_thread_blocked, id=18648, stack(0x000000619c600000,0x000000619c700000) (1024K)]
  0x00000257fb185370 JavaThread "pool-5-thread-3"                   [_thread_blocked, id=20616, stack(0x000000619c700000,0x000000619c800000) (1024K)]
Total: 38

Other Threads:
  0x00000257b42d0910 VMThread "VM Thread"                           [id=28084, stack(0x0000006199500000,0x0000006199600000) (1024K)]
  0x00000257b42bcf80 WatcherThread "VM Periodic Task Thread"        [id=6220, stack(0x0000006199400000,0x0000006199500000) (1024K)]
  0x000002579ca286a0 WorkerThread "GC Thread#0"                     [id=25388, stack(0x0000006198f00000,0x0000006199000000) (1024K)]
  0x00000257faa19fe0 WorkerThread "GC Thread#1"                     [id=30256, stack(0x000000619a200000,0x000000619a300000) (1024K)]
  0x00000257faae6fd0 WorkerThread "GC Thread#2"                     [id=20084, stack(0x000000619a300000,0x000000619a400000) (1024K)]
  0x00000257faae7380 WorkerThread "GC Thread#3"                     [id=30840, stack(0x000000619a400000,0x000000619a500000) (1024K)]
  0x00000257fab37cc0 WorkerThread "GC Thread#4"                     [id=32672, stack(0x000000619a500000,0x000000619a600000) (1024K)]
  0x00000257fab45a00 WorkerThread "GC Thread#5"                     [id=2088, stack(0x000000619a600000,0x000000619a700000) (1024K)]
  0x00000257fab45db0 WorkerThread "GC Thread#6"                     [id=22872, stack(0x000000619a700000,0x000000619a800000) (1024K)]
  0x00000257fab46570 WorkerThread "GC Thread#7"                     [id=1208, stack(0x000000619a800000,0x000000619a900000) (1024K)]
  0x000002579ca38d60 ConcurrentGCThread "G1 Main Marker"            [id=13236, stack(0x0000006199000000,0x0000006199100000) (1024K)]
  0x000002579ca39f20 WorkerThread "G1 Conc#0"                       [id=31556, stack(0x0000006199100000,0x0000006199200000) (1024K)]
  0x00000257fbf7db70 WorkerThread "G1 Conc#1"                       [id=27280, stack(0x000000619ae00000,0x000000619af00000) (1024K)]
  0x00000257b41930e0 ConcurrentGCThread "G1 Refine#0"               [id=10112, stack(0x0000006199200000,0x0000006199300000) (1024K)]
  0x00000257b4193780 ConcurrentGCThread "G1 Service"                [id=3372, stack(0x0000006199300000,0x0000006199400000) (1024K)]
Total: 15

Threads with active compile tasks:
C2 CompilerThread0  144234 6127   !   4       freemarker.core.FMParserTokenManager::getNextToken (615 bytes)
Total: 1

VM state: not at safepoint (normal execution)

VM Mutex/Monitor currently owned by a thread: None

Heap address: 0x00000000a2c00000, size: 1492 MB, Compressed Oops mode: 32-bit

CDS archive(s) mapped at: [0x00000257b5000000-0x00000257b5d70000-0x00000257b5d70000), size 14090240, SharedBaseAddress: 0x00000257b5000000, ArchiveRelocationMode: 1.
Compressed class space mapped at: 0x00000257b6000000-0x00000257f6000000, reserved size: 1073741824
Narrow klass base: 0x00000257b5000000, Narrow klass shift: 0, Narrow klass range: 0x41000000

GC Precious Log:
 CardTable entry size: 512
 Card Set container configuration: InlinePtr #cards 5 size 8 Array Of Cards #cards 10 size 36 Howl #buckets 4 coarsen threshold 1843 Howl Bitmap #cards 512 size 80 coarsen threshold 460 Card regions per heap region 1 cards per card region 2048
 CPUs: 8 total, 8 available
 Memory: 5965M
 Large Page Support: Disabled
 NUMA Support: Disabled
 Compressed Oops: Enabled (32-bit)
 Heap Region Size: 1M
 Heap Min Capacity: 8M
 Heap Initial Capacity: 94M
 Heap Max Capacity: 1492M
 Pre-touch: Disabled
 Parallel Workers: 8
 Concurrent Workers: 2
 Concurrent Refinement Workers: 8
 Periodic GC: Disabled

Heap:
 garbage-first heap   total reserved 1527808K, committed 51200K, used 22272K [0x00000000a2c00000, 0x0000000100000000)
  region size 1024K, 6 young (6144K), 3 survivors (3072K)
 Metaspace       used 35836K, committed 36288K, reserved 1114112K
  class space    used 4414K, committed 4608K, reserved 1048576K

Heap Regions: E=young(eden), S=young(survivor), O=old, HS=humongous(starts), HC=humongous(continues), CS=collection set, F=free, TAMS=top-at-mark-start, PB=parsable bottom
|   0|0x00000000a2c00000, 0x00000000a2d00000, 0x00000000a2d00000|100%| O|  |TAMS 0x00000000a2c00000| PB 0x00000000a2c00000| Untracked |  0
|   1|0x00000000a2d00000, 0x00000000a2e00000, 0x00000000a2e00000|100%| O|  |TAMS 0x00000000a2d00000| PB 0x00000000a2d00000| Untracked |  0
|   2|0x00000000a2e00000, 0x00000000a2f00000, 0x00000000a2f00000|100%| O|  |TAMS 0x00000000a2e00000| PB 0x00000000a2e00000| Untracked |  0
|   3|0x00000000a2f00000, 0x00000000a3000000, 0x00000000a3000000|100%| O|  |TAMS 0x00000000a2f00000| PB 0x00000000a2f00000| Untracked |  0
|   4|0x00000000a3000000, 0x00000000a3100000, 0x00000000a3100000|100%| O|  |TAMS 0x00000000a3000000| PB 0x00000000a3000000| Untracked |  0
|   5|0x00000000a3100000, 0x00000000a3200000, 0x00000000a3200000|100%| O|  |TAMS 0x00000000a3100000| PB 0x00000000a3100000| Untracked |  0
|   6|0x00000000a3200000, 0x00000000a3300000, 0x00000000a3300000|100%| O|  |TAMS 0x00000000a3200000| PB 0x00000000a3200000| Untracked |  0
|   7|0x00000000a3300000, 0x00000000a3400000, 0x00000000a3400000|100%| O|  |TAMS 0x00000000a3300000| PB 0x00000000a3300000| Untracked |  0
|   8|0x00000000a3400000, 0x00000000a3433410, 0x00000000a3500000| 20%| O|Cm|TAMS 0x00000000a3400000| PB 0x00000000a3400000| Complete |  0
|   9|0x00000000a3500000, 0x00000000a3600000, 0x00000000a3600000|100%| O|  |TAMS 0x00000000a3500000| PB 0x00000000a3500000| Untracked |  0
|  10|0x00000000a3600000, 0x00000000a3700000, 0x00000000a3700000|100%| O|  |TAMS 0x00000000a3600000| PB 0x00000000a3600000| Untracked |  0
|  11|0x00000000a3700000, 0x00000000a3800000, 0x00000000a3800000|100%| O|  |TAMS 0x00000000a3700000| PB 0x00000000a3700000| Untracked |  0
|  12|0x00000000a3800000, 0x00000000a3900000, 0x00000000a3900000|100%| O|  |TAMS 0x00000000a3800000| PB 0x00000000a3800000| Untracked |  0
|  13|0x00000000a3900000, 0x00000000a3a00000, 0x00000000a3a00000|100%| O|  |TAMS 0x00000000a3900000| PB 0x00000000a3900000| Untracked |  0
|  14|0x00000000a3a00000, 0x00000000a3b00000, 0x00000000a3b00000|100%| O|  |TAMS 0x00000000a3a00000| PB 0x00000000a3a00000| Untracked |  0
|  15|0x00000000a3b00000, 0x00000000a3c00000, 0x00000000a3c00000|100%| O|  |TAMS 0x00000000a3b00000| PB 0x00000000a3b00000| Untracked |  0
|  16|0x00000000a3c00000, 0x00000000a3d00000, 0x00000000a3d00000|100%| O|  |TAMS 0x00000000a3c00000| PB 0x00000000a3c00000| Untracked |  0
|  17|0x00000000a3d00000, 0x00000000a3e00000, 0x00000000a3e00000|100%| O|  |TAMS 0x00000000a3d00000| PB 0x00000000a3d00000| Untracked |  0
|  18|0x00000000a3e00000, 0x00000000a3e06e50, 0x00000000a3f00000|  2%| O|  |TAMS 0x00000000a3e00000| PB 0x00000000a3e00000| Untracked |  0
|  19|0x00000000a3f00000, 0x00000000a3f00000, 0x00000000a4000000|  0%| F|  |TAMS 0x00000000a3f00000| PB 0x00000000a3f00000| Untracked |  0
|  20|0x00000000a4000000, 0x00000000a4000000, 0x00000000a4100000|  0%| F|  |TAMS 0x00000000a4000000| PB 0x00000000a4000000| Untracked |  0
|  21|0x00000000a4100000, 0x00000000a4100000, 0x00000000a4200000|  0%| F|  |TAMS 0x00000000a4100000| PB 0x00000000a4100000| Untracked |  0
|  22|0x00000000a4200000, 0x00000000a4200000, 0x00000000a4300000|  0%| F|  |TAMS 0x00000000a4200000| PB 0x00000000a4200000| Untracked |  0
|  23|0x00000000a4300000, 0x00000000a4300000, 0x00000000a4400000|  0%| F|  |TAMS 0x00000000a4300000| PB 0x00000000a4300000| Untracked |  0
|  24|0x00000000a4400000, 0x00000000a4400000, 0x00000000a4500000|  0%| F|  |TAMS 0x00000000a4400000| PB 0x00000000a4400000| Untracked |  0
|  25|0x00000000a4500000, 0x00000000a4500000, 0x00000000a4600000|  0%| F|  |TAMS 0x00000000a4500000| PB 0x00000000a4500000| Untracked |  0
|  26|0x00000000a4600000, 0x00000000a4600000, 0x00000000a4700000|  0%| F|  |TAMS 0x00000000a4600000| PB 0x00000000a4600000| Untracked |  0
|  27|0x00000000a4700000, 0x00000000a4700000, 0x00000000a4800000|  0%| F|  |TAMS 0x00000000a4700000| PB 0x00000000a4700000| Untracked |  0
|  28|0x00000000a4800000, 0x00000000a4800000, 0x00000000a4900000|  0%| F|  |TAMS 0x00000000a4800000| PB 0x00000000a4800000| Untracked |  0
|  29|0x00000000a4900000, 0x00000000a4900000, 0x00000000a4a00000|  0%| F|  |TAMS 0x00000000a4900000| PB 0x00000000a4900000| Untracked |  0
|  30|0x00000000a4a00000, 0x00000000a4a00000, 0x00000000a4b00000|  0%| F|  |TAMS 0x00000000a4a00000| PB 0x00000000a4a00000| Untracked |  0
|  31|0x00000000a4b00000, 0x00000000a4b00000, 0x00000000a4c00000|  0%| F|  |TAMS 0x00000000a4b00000| PB 0x00000000a4b00000| Untracked |  0
|  32|0x00000000a4c00000, 0x00000000a4c00000, 0x00000000a4d00000|  0%| F|  |TAMS 0x00000000a4c00000| PB 0x00000000a4c00000| Untracked |  0
|  33|0x00000000a4d00000, 0x00000000a4d00000, 0x00000000a4e00000|  0%| F|  |TAMS 0x00000000a4d00000| PB 0x00000000a4d00000| Untracked |  0
|  34|0x00000000a4e00000, 0x00000000a4e00000, 0x00000000a4f00000|  0%| F|  |TAMS 0x00000000a4e00000| PB 0x00000000a4e00000| Untracked |  0
|  35|0x00000000a4f00000, 0x00000000a4f00000, 0x00000000a5000000|  0%| F|  |TAMS 0x00000000a4f00000| PB 0x00000000a4f00000| Untracked |  0
|  36|0x00000000a5000000, 0x00000000a5000000, 0x00000000a5100000|  0%| F|  |TAMS 0x00000000a5000000| PB 0x00000000a5000000| Untracked |  0
|  37|0x00000000a5100000, 0x00000000a5100000, 0x00000000a5200000|  0%| F|  |TAMS 0x00000000a5100000| PB 0x00000000a5100000| Untracked |  0
|  38|0x00000000a5200000, 0x00000000a5200000, 0x00000000a5300000|  0%| F|  |TAMS 0x00000000a5200000| PB 0x00000000a5200000| Untracked |  0
|  39|0x00000000a5300000, 0x00000000a5300000, 0x00000000a5400000|  0%| F|  |TAMS 0x00000000a5300000| PB 0x00000000a5300000| Untracked |  0
|  40|0x00000000a5400000, 0x00000000a5485ff8, 0x00000000a5500000| 52%| S|CS|TAMS 0x00000000a5400000| PB 0x00000000a5400000| Complete |  0
|  41|0x00000000a5500000, 0x00000000a5600000, 0x00000000a5600000|100%| S|CS|TAMS 0x00000000a5500000| PB 0x00000000a5500000| Complete |  0
|  42|0x00000000a5600000, 0x00000000a5700000, 0x00000000a5700000|100%| S|CS|TAMS 0x00000000a5600000| PB 0x00000000a5600000| Complete |  0
|  52|0x00000000a6000000, 0x00000000a6000000, 0x00000000a6100000|  0%| F|  |TAMS 0x00000000a6000000| PB 0x00000000a6000000| Untracked |  0
|  53|0x00000000a6100000, 0x00000000a6100000, 0x00000000a6200000|  0%| F|  |TAMS 0x00000000a6100000| PB 0x00000000a6100000| Untracked |  0
|  54|0x00000000a6200000, 0x00000000a6200000, 0x00000000a6300000|  0%| F|  |TAMS 0x00000000a6200000| PB 0x00000000a6200000| Untracked |  0
|  55|0x00000000a6300000, 0x00000000a6300000, 0x00000000a6400000|  0%| F|  |TAMS 0x00000000a6300000| PB 0x00000000a6300000| Untracked |  0
|  56|0x00000000a6400000, 0x00000000a64f79f0, 0x00000000a6500000| 96%| E|  |TAMS 0x00000000a6400000| PB 0x00000000a6400000| Complete |  0
|  57|0x00000000a6500000, 0x00000000a6600000, 0x00000000a6600000|100%| E|CS|TAMS 0x00000000a6500000| PB 0x00000000a6500000| Complete |  0
|  93|0x00000000a8900000, 0x00000000a8a00000, 0x00000000a8a00000|100%| E|CS|TAMS 0x00000000a8900000| PB 0x00000000a8900000| Complete |  0

Card table byte_map: [0x00000257afea0000,0x00000257b0190000] _byte_map_base: 0x00000257af98a000

Marking Bits: (CMBitMap*) 0x000002579ca28cc0
 Bits: [0x00000257b0190000, 0x00000257b18e0000)

Polling page: 0x000002579c190000

Metaspace:

Usage:
  Non-class:     30.69 MB used.
      Class:      4.31 MB used.
       Both:     35.00 MB used.

Virtual space:
  Non-class space:       64.00 MB reserved,      30.94 MB ( 48%) committed,  1 nodes.
      Class space:        1.00 GB reserved,       4.50 MB ( <1%) committed,  1 nodes.
             Both:        1.06 GB reserved,      35.44 MB (  3%) committed. 

Chunk freelists:
   Non-Class:  848.00 KB
       Class:  11.50 MB
        Both:  12.33 MB

MaxMetaspaceSize: unlimited
CompressedClassSpaceSize: 1.00 GB
Initial GC threshold: 21.00 MB
Current GC threshold: 58.88 MB
CDS: on
 - commit_granule_bytes: 65536.
 - commit_granule_words: 8192.
 - virtual_space_node_default_size: 8388608.
 - enlarge_chunks_in_place: 1.
 - use_allocation_guard: 0.


Internal statistics:

num_allocs_failed_limit: 6.
num_arena_births: 522.
num_arena_deaths: 0.
num_vsnodes_births: 2.
num_vsnodes_deaths: 0.
num_space_committed: 566.
num_space_uncommitted: 0.
num_chunks_returned_to_freelist: 6.
num_chunks_taken_from_freelist: 1578.
num_chunk_merges: 6.
num_chunk_splits: 1072.
num_chunks_enlarged: 798.
num_inconsistent_stats: 0.

CodeHeap 'non-profiled nmethods': size=120064Kb used=1890Kb max_used=1985Kb free=118174Kb
 bounds [0x00000257a8330000, 0x00000257a85a0000, 0x00000257af870000]
CodeHeap 'profiled nmethods': size=120000Kb used=9272Kb max_used=9724Kb free=110727Kb
 bounds [0x00000257a0870000, 0x00000257a11f0000, 0x00000257a7da0000]
CodeHeap 'non-nmethods': size=5696Kb used=1589Kb max_used=1607Kb free=4106Kb
 bounds [0x00000257a7da0000, 0x00000257a8010000, 0x00000257a8330000]
CodeCache: size=245760Kb, used=12751Kb, max_used=13316Kb, free=233007Kb
 total_blobs=6513, nmethods=5849, adapters=568, full_count=0
Compilation: enabled, stopped_count=0, restarted_count=0

Compilation events (20 events):
Event: 144.088 Thread 0x00000257b4304c30 nmethod 6201 0x00000257a08eee88 code [0x00000257a08eefa0, 0x00000257a08ef0f0]
Event: 144.088 Thread 0x00000257b4304c30 6195       1       java.text.NumberFormat::isGroupingUsed (5 bytes)
Event: 144.088 Thread 0x00000257b4304c30 nmethod 6195 0x00000257a8389a88 code [0x00000257a8389ba0, 0x00000257a8389c70]
Event: 144.088 Thread 0x00000257b4304c30 6200       1       freemarker.template.SimpleNumber::getAsNumber (5 bytes)
Event: 144.088 Thread 0x00000257b4304c30 nmethod 6200 0x00000257a833e808 code [0x00000257a833e920, 0x00000257a833e9e8]
Event: 144.088 Thread 0x00000257b4304c30 6198       1       java.text.DecimalFormatSymbols::getGroupingSeparator (5 bytes)
Event: 144.088 Thread 0x00000257b4304c30 nmethod 6198 0x00000257a8358e88 code [0x00000257a8358fa0, 0x00000257a8359070]
Event: 144.088 Thread 0x00000257b4304c30 6199       1       java.text.DecimalFormatSymbols::getDecimalSeparator (5 bytes)
Event: 144.088 Thread 0x00000257b4304c30 nmethod 6199 0x00000257a836ff08 code [0x00000257a8370020, 0x00000257a83700f0]
Event: 144.088 Thread 0x00000257b4304c30 6202       3       jdk.internal.org.objectweb.asm.SymbolTable::addConstant (330 bytes)
Event: 144.090 Thread 0x00000257b4304c30 nmethod 6202 0x00000257a09c9808 code [0x00000257a09c9c80, 0x00000257a09cc9b0]
Event: 144.090 Thread 0x00000257b4304c30 6203  s    3       java.lang.StringBuffer::append (13 bytes)
Event: 144.091 Thread 0x00000257b4304c30 nmethod 6203 0x00000257a08d3808 code [0x00000257a08d3940, 0x00000257a08d3c20]
Event: 144.096 Thread 0x00000257b4304c30 6204       1       java.text.FieldPosition::setBeginIndex (6 bytes)
Event: 144.096 Thread 0x00000257b4304c30 nmethod 6204 0x00000257a8371e88 code [0x00000257a8371fa0, 0x00000257a8372068]
Event: 144.096 Thread 0x00000257b4304c30 6206       3       freemarker.core.EvalUtil::coerceModelToTextualCommon (282 bytes)
Event: 144.098 Thread 0x00000257b4304c30 nmethod 6206 0x00000257a0acad08 code [0x00000257a0acb120, 0x00000257a0acd9c8]
Event: 144.098 Thread 0x00000257b4304c30 6205       1       java.text.FieldPosition::setEndIndex (6 bytes)
Event: 144.099 Thread 0x00000257b4304c30 nmethod 6205 0x00000257a83b9508 code [0x00000257a83b9620, 0x00000257a83b96e8]
Event: 144.099 Thread 0x00000257b4304c30 6207       3       freemarker.core.DollarVariable::accept (228 bytes)

GC Heap History (20 events):
Event: 1.094 GC heap before
{Heap before GC invocations=0 (full 0):
 garbage-first heap   total reserved 1527808K, committed 96256K, used 23552K [0x00000000a2c00000, 0x0000000100000000)
  region size 1024K, 24 young (24576K), 0 survivors (0K)
 Metaspace       used 6202K, committed 6400K, reserved 1114112K
  class space    used 694K, committed 768K, reserved 1048576K
}
Event: 1.101 GC heap after
{Heap after GC invocations=1 (full 0):
 garbage-first heap   total reserved 1527808K, committed 96256K, used 7968K [0x00000000a2c00000, 0x0000000100000000)
  region size 1024K, 3 young (3072K), 3 survivors (3072K)
 Metaspace       used 6202K, committed 6400K, reserved 1114112K
  class space    used 694K, committed 768K, reserved 1048576K
}
Event: 1.613 GC heap before
{Heap before GC invocations=1 (full 0):
 garbage-first heap   total reserved 1527808K, committed 96256K, used 28448K [0x00000000a2c00000, 0x0000000100000000)
  region size 1024K, 24 young (24576K), 3 survivors (3072K)
 Metaspace       used 11340K, committed 11584K, reserved 1114112K
  class space    used 1347K, committed 1472K, reserved 1048576K
}
Event: 1.617 GC heap after
{Heap after GC invocations=2 (full 0):
 garbage-first heap   total reserved 1527808K, committed 96256K, used 9840K [0x00000000a2c00000, 0x0000000100000000)
  region size 1024K, 2 young (2048K), 2 survivors (2048K)
 Metaspace       used 11340K, committed 11584K, reserved 1114112K
  class space    used 1347K, committed 1472K, reserved 1048576K
}
Event: 3.209 GC heap before
{Heap before GC invocations=2 (full 0):
 garbage-first heap   total reserved 1527808K, committed 96256K, used 42608K [0x00000000a2c00000, 0x0000000100000000)
  region size 1024K, 36 young (36864K), 2 survivors (2048K)
 Metaspace       used 21251K, committed 21504K, reserved 1114112K
  class space    used 2631K, committed 2752K, reserved 1048576K
}
Event: 3.217 GC heap after
{Heap after GC invocations=3 (full 0):
 garbage-first heap   total reserved 1527808K, committed 96256K, used 14541K [0x00000000a2c00000, 0x0000000100000000)
  region size 1024K, 6 young (6144K), 6 survivors (6144K)
 Metaspace       used 21251K, committed 21504K, reserved 1114112K
  class space    used 2631K, committed 2752K, reserved 1048576K
}
Event: 11.813 GC heap before
{Heap before GC invocations=4 (full 0):
 garbage-first heap   total reserved 1527808K, committed 51200K, used 39117K [0x00000000a2c00000, 0x0000000100000000)
  region size 1024K, 30 young (30720K), 6 survivors (6144K)
 Metaspace       used 28737K, committed 29184K, reserved 1114112K
  class space    used 3587K, committed 3776K, reserved 1048576K
}
Event: 11.821 GC heap after
{Heap after GC invocations=5 (full 0):
 garbage-first heap   total reserved 1527808K, committed 51200K, used 16443K [0x00000000a2c00000, 0x0000000100000000)
  region size 1024K, 3 young (3072K), 3 survivors (3072K)
 Metaspace       used 28737K, committed 29184K, reserved 1114112K
  class space    used 3587K, committed 3776K, reserved 1048576K
}
Event: 11.857 GC heap before
{Heap before GC invocations=5 (full 0):
 garbage-first heap   total reserved 1527808K, committed 51200K, used 36923K [0x00000000a2c00000, 0x0000000100000000)
  region size 1024K, 23 young (23552K), 3 survivors (3072K)
 Metaspace       used 28737K, committed 29184K, reserved 1114112K
  class space    used 3587K, committed 3776K, reserved 1048576K
}
Event: 11.860 GC heap after
{Heap after GC invocations=6 (full 0):
 garbage-first heap   total reserved 1527808K, committed 51200K, used 16496K [0x00000000a2c00000, 0x0000000100000000)
  region size 1024K, 3 young (3072K), 3 survivors (3072K)
 Metaspace       used 28737K, committed 29184K, reserved 1114112K
  class space    used 3587K, committed 3776K, reserved 1048576K
}
Event: 12.160 GC heap before
{Heap before GC invocations=6 (full 0):
 garbage-first heap   total reserved 1527808K, committed 51200K, used 38000K [0x00000000a2c00000, 0x0000000100000000)
  region size 1024K, 24 young (24576K), 3 survivors (3072K)
 Metaspace       used 29970K, committed 30400K, reserved 1114112K
  class space    used 3763K, committed 3968K, reserved 1048576K
}
Event: 12.163 GC heap after
{Heap after GC invocations=7 (full 0):
 garbage-first heap   total reserved 1527808K, committed 51200K, used 17620K [0x00000000a2c00000, 0x0000000100000000)
  region size 1024K, 2 young (2048K), 2 survivors (2048K)
 Metaspace       used 29970K, committed 30400K, reserved 1114112K
  class space    used 3763K, committed 3968K, reserved 1048576K
}
Event: 42.882 GC heap before
{Heap before GC invocations=7 (full 0):
 garbage-first heap   total reserved 1527808K, committed 51200K, used 38100K [0x00000000a2c00000, 0x0000000100000000)
  region size 1024K, 23 young (23552K), 2 survivors (2048K)
 Metaspace       used 32306K, committed 32768K, reserved 1114112K
  class space    used 4009K, committed 4224K, reserved 1048576K
}
Event: 42.885 GC heap after
{Heap after GC invocations=8 (full 0):
 garbage-first heap   total reserved 1527808K, committed 51200K, used 18573K [0x00000000a2c00000, 0x0000000100000000)
  region size 1024K, 3 young (3072K), 3 survivors (3072K)
 Metaspace       used 32306K, committed 32768K, reserved 1114112K
  class space    used 4009K, committed 4224K, reserved 1048576K
}
Event: 95.236 GC heap before
{Heap before GC invocations=8 (full 0):
 garbage-first heap   total reserved 1527808K, committed 51200K, used 41101K [0x00000000a2c00000, 0x0000000100000000)
  region size 1024K, 25 young (25600K), 3 survivors (3072K)
 Metaspace       used 32877K, committed 33344K, reserved 1114112K
  class space    used 4014K, committed 4224K, reserved 1048576K
}
Event: 95.256 GC heap after
{Heap after GC invocations=9 (full 0):
 garbage-first heap   total reserved 1527808K, committed 51200K, used 18930K [0x00000000a2c00000, 0x0000000100000000)
  region size 1024K, 2 young (2048K), 2 survivors (2048K)
 Metaspace       used 32877K, committed 33344K, reserved 1114112K
  class space    used 4014K, committed 4224K, reserved 1048576K
}
Event: 143.614 GC heap before
{Heap before GC invocations=9 (full 0):
 garbage-first heap   total reserved 1527808K, committed 51200K, used 41458K [0x00000000a2c00000, 0x0000000100000000)
  region size 1024K, 24 young (24576K), 2 survivors (2048K)
 Metaspace       used 34633K, committed 35072K, reserved 1114112K
  class space    used 4286K, committed 4480K, reserved 1048576K
}
Event: 143.617 GC heap after
{Heap after GC invocations=10 (full 0):
 garbage-first heap   total reserved 1527808K, committed 51200K, used 19119K [0x00000000a2c00000, 0x0000000100000000)
  region size 1024K, 2 young (2048K), 2 survivors (2048K)
 Metaspace       used 34633K, committed 35072K, reserved 1114112K
  class space    used 4286K, committed 4480K, reserved 1048576K
}
Event: 143.969 GC heap before
{Heap before GC invocations=10 (full 0):
 garbage-first heap   total reserved 1527808K, committed 51200K, used 25263K [0x00000000a2c00000, 0x0000000100000000)
  region size 1024K, 9 young (9216K), 2 survivors (2048K)
 Metaspace       used 35652K, committed 36096K, reserved 1114112K
  class space    used 4403K, committed 4608K, reserved 1048576K
}
Event: 143.975 GC heap after
{Heap after GC invocations=11 (full 0):
 garbage-first heap   total reserved 1527808K, committed 51200K, used 20224K [0x00000000a2c00000, 0x0000000100000000)
  region size 1024K, 3 young (3072K), 3 survivors (3072K)
 Metaspace       used 35652K, committed 36096K, reserved 1114112K
  class space    used 4403K, committed 4608K, reserved 1048576K
}

Dll operation events (9 events):
Event: 0.010 Loaded shared library C:\Users\SWATI LAHANE\.p2\pool\plugins\org.eclipse.justj.openjdk.hotspot.jre.full.win32.x86_64_23.0.0.v20240919-1706\jre\bin\java.dll
Event: 0.116 Loaded shared library C:\Users\SWATI LAHANE\.p2\pool\plugins\org.eclipse.justj.openjdk.hotspot.jre.full.win32.x86_64_23.0.0.v20240919-1706\jre\bin\zip.dll
Event: 0.122 Loaded shared library C:\Users\SWATI LAHANE\.p2\pool\plugins\org.eclipse.justj.openjdk.hotspot.jre.full.win32.x86_64_23.0.0.v20240919-1706\jre\bin\net.dll
Event: 0.124 Loaded shared library C:\Users\SWATI LAHANE\.p2\pool\plugins\org.eclipse.justj.openjdk.hotspot.jre.full.win32.x86_64_23.0.0.v20240919-1706\jre\bin\nio.dll
Event: 0.128 Loaded shared library C:\Users\SWATI LAHANE\.p2\pool\plugins\org.eclipse.justj.openjdk.hotspot.jre.full.win32.x86_64_23.0.0.v20240919-1706\jre\bin\zip.dll
Event: 0.265 Loaded shared library C:\Users\SWATI LAHANE\.p2\pool\plugins\org.eclipse.justj.openjdk.hotspot.jre.full.win32.x86_64_23.0.0.v20240919-1706\jre\bin\extnet.dll
Event: 0.283 Loaded shared library C:\Users\SWATI LAHANE\.p2\pool\plugins\org.eclipse.justj.openjdk.hotspot.jre.full.win32.x86_64_23.0.0.v20240919-1706\jre\bin\verify.dll
Event: 0.423 Loaded shared library C:\Users\SWATI LAHANE\.p2\pool\plugins\org.eclipse.justj.openjdk.hotspot.jre.full.win32.x86_64_23.0.0.v20240919-1706\jre\bin\jimage.dll
Event: 3.009 Loaded shared library C:\Users\SWATI LAHANE\.p2\pool\plugins\org.eclipse.justj.openjdk.hotspot.jre.full.win32.x86_64_23.0.0.v20240919-1706\jre\bin\sunmscapi.dll

Deoptimization events (20 events):
Event: 143.900 Thread 0x000002579a64fdb0 Uncommon trap: trap_request=0xffffffde fr.pc=0x00000257a841d4dc relative=0x00000000000000bc
Event: 143.900 Thread 0x000002579a64fdb0 Uncommon trap: reason=class_check action=maybe_recompile pc=0x00000257a841d4dc method=java.lang.Character.isWhitespace(I)Z @ 5 c2
Event: 143.900 Thread 0x000002579a64fdb0 DEOPT PACKING pc=0x00000257a841d4dc sp=0x0000006198efdac0
Event: 143.900 Thread 0x000002579a64fdb0 DEOPT UNPACKING pc=0x00000257a7df4402 sp=0x0000006198efd9f8 mode 2
Event: 143.901 Thread 0x000002579a64fdb0 Uncommon trap: trap_request=0xffffffde fr.pc=0x00000257a841d4dc relative=0x00000000000000bc
Event: 143.901 Thread 0x000002579a64fdb0 Uncommon trap: reason=class_check action=maybe_recompile pc=0x00000257a841d4dc method=java.lang.Character.isWhitespace(I)Z @ 5 c2
Event: 143.901 Thread 0x000002579a64fdb0 DEOPT PACKING pc=0x00000257a841d4dc sp=0x0000006198efdac0
Event: 143.901 Thread 0x000002579a64fdb0 DEOPT UNPACKING pc=0x00000257a7df4402 sp=0x0000006198efd9f8 mode 2
Event: 143.954 Thread 0x000002579a64fdb0 Uncommon trap: trap_request=0xffffffde fr.pc=0x00000257a841d4dc relative=0x00000000000000bc
Event: 143.954 Thread 0x000002579a64fdb0 Uncommon trap: reason=class_check action=maybe_recompile pc=0x00000257a841d4dc method=java.lang.Character.isWhitespace(I)Z @ 5 c2
Event: 143.954 Thread 0x000002579a64fdb0 DEOPT PACKING pc=0x00000257a841d4dc sp=0x0000006198efdac0
Event: 143.954 Thread 0x000002579a64fdb0 DEOPT UNPACKING pc=0x00000257a7df4402 sp=0x0000006198efd9f8 mode 2
Event: 143.954 Thread 0x000002579a64fdb0 Uncommon trap: trap_request=0xffffffde fr.pc=0x00000257a841d4dc relative=0x00000000000000bc
Event: 143.954 Thread 0x000002579a64fdb0 Uncommon trap: reason=class_check action=maybe_recompile pc=0x00000257a841d4dc method=java.lang.Character.isWhitespace(I)Z @ 5 c2
Event: 143.954 Thread 0x000002579a64fdb0 DEOPT PACKING pc=0x00000257a841d4dc sp=0x0000006198efdac0
Event: 143.954 Thread 0x000002579a64fdb0 DEOPT UNPACKING pc=0x00000257a7df4402 sp=0x0000006198efd9f8 mode 2
Event: 144.019 Thread 0x000002579a64fdb0 Uncommon trap: trap_request=0xffffff45 fr.pc=0x00000257a850f314 relative=0x0000000000000254
Event: 144.019 Thread 0x000002579a64fdb0 Uncommon trap: reason=unstable_if action=reinterpret pc=0x00000257a850f314 method=freemarker.core.SimpleCharStream.readChar()C @ 32 c2
Event: 144.019 Thread 0x000002579a64fdb0 DEOPT PACKING pc=0x00000257a850f314 sp=0x0000006198efd490
Event: 144.019 Thread 0x000002579a64fdb0 DEOPT UNPACKING pc=0x00000257a7df4402 sp=0x0000006198efd428 mode 2

Classes loaded (20 events):
Event: 144.065 Loading class java/util/concurrent/ConcurrentHashMapBeanInfo
Event: 144.065 Loading class java/util/concurrent/ConcurrentHashMapBeanInfo done
Event: 144.065 Loading class java/util/concurrent/ConcurrentHashMapBeanInfo
Event: 144.065 Loading class java/util/concurrent/ConcurrentHashMapBeanInfo done
Event: 144.065 Loading class java/util/AbstractMapBeanInfo
Event: 144.065 Loading class java/util/AbstractMapBeanInfo done
Event: 144.065 Loading class java/util/AbstractMapBeanInfo
Event: 144.065 Loading class java/util/AbstractMapBeanInfo done
Event: 144.065 Loading class java/util/AbstractMapCustomizer
Event: 144.065 Loading class java/util/AbstractMapCustomizer done
Event: 144.065 Loading class java/util/AbstractMapCustomizer
Event: 144.065 Loading class java/util/AbstractMapCustomizer done
Event: 144.071 Loading class java/util/concurrent/ConcurrentHashMapCustomizer
Event: 144.072 Loading class java/util/concurrent/ConcurrentHashMapCustomizer done
Event: 144.072 Loading class java/util/concurrent/ConcurrentHashMapCustomizer
Event: 144.072 Loading class java/util/concurrent/ConcurrentHashMapCustomizer done
Event: 144.075 Loading class sun/reflect/generics/tree/DoubleSignature
Event: 144.075 Loading class sun/reflect/generics/tree/DoubleSignature done
Event: 144.081 Loading class jdk/internal/math/FDBigInteger
Event: 144.082 Loading class jdk/internal/math/FDBigInteger done

Classes unloaded (0 events):
No events

Classes redefined (0 events):
No events

Internal exceptions (20 events):
Event: 143.913 Thread 0x000002579a64fdb0 Exception <a 'java/lang/NoSuchMethodError'{0x00000000a613a538}: 'java.lang.Object java.lang.invoke.Invokers$Holder.invokeExact_MT(java.lang.Object, java.lang.Object, java.lang.Object, java.lang.Object, java.lang.Object)'> (0x00000000a613a538) 
thrown [s\src\hotspot\share\interpreter\linkResolver.cpp, line 796]
Event: 143.915 Thread 0x000002579a64fdb0 Exception <a 'java/lang/ClassNotFoundException'{0x00000000a614d050}: java/lang/ClassBeanInfo> (0x00000000a614d050) 
thrown [s\src\hotspot\share\classfile\systemDictionary.cpp, line 313]
Event: 143.915 Thread 0x000002579a64fdb0 Exception <a 'java/lang/ClassNotFoundException'{0x00000000a614e7d8}: java/lang/ClassCustomizer> (0x00000000a614e7d8) 
thrown [s\src\hotspot\share\classfile\systemDictionary.cpp, line 313]
Event: 143.944 Thread 0x000002579a64fdb0 Exception <a 'java/lang/ClassNotFoundException'{0x00000000a61e2400}: com/aventstack/extentreports/model/LogBeanInfo> (0x00000000a61e2400) 
thrown [s\src\hotspot\share\classfile\systemDictionary.cpp, line 313]
Event: 143.945 Thread 0x000002579a64fdb0 Exception <a 'java/lang/ClassNotFoundException'{0x00000000a61e6cf0}: com/aventstack/extentreports/model/LogCustomizer> (0x00000000a61e6cf0) 
thrown [s\src\hotspot\share\classfile\systemDictionary.cpp, line 313]
Event: 143.948 Thread 0x000002579a64fdb0 Exception <a 'java/lang/ClassNotFoundException'{0x00000000a61fdf30}: com/aventstack/extentreports/model/ExceptionInfoBeanInfo> (0x00000000a61fdf30) 
thrown [s\src\hotspot\share\classfile\systemDictionary.cpp, line 313]
Event: 143.948 Thread 0x000002579a64fdb0 Exception <a 'java/lang/ClassNotFoundException'{0x00000000a60032a8}: com/aventstack/extentreports/model/NamedAttributeBeanInfo> (0x00000000a60032a8) 
thrown [s\src\hotspot\share\classfile\systemDictionary.cpp, line 313]
Event: 143.949 Thread 0x000002579a64fdb0 Exception <a 'java/lang/ClassNotFoundException'{0x00000000a60086d0}: com/aventstack/extentreports/model/NamedAttributeCustomizer> (0x00000000a60086d0) 
thrown [s\src\hotspot\share\classfile\systemDictionary.cpp, line 313]
Event: 143.950 Thread 0x000002579a64fdb0 Exception <a 'java/lang/ClassNotFoundException'{0x00000000a6010a50}: com/aventstack/extentreports/model/ExceptionInfoCustomizer> (0x00000000a6010a50) 
thrown [s\src\hotspot\share\classfile\systemDictionary.cpp, line 313]
Event: 143.983 Thread 0x000002579a64fdb0 Exception <a 'java/lang/ClassNotFoundException'{0x00000000a891fd68}: com/aventstack/extentreports/model/context/NamedAttributeContextBeanInfo> (0x00000000a891fd68) 
thrown [s\src\hotspot\share\classfile\systemDictionary.cpp, line 313]
Event: 143.984 Thread 0x000002579a64fdb0 Exception <a 'java/lang/ClassNotFoundException'{0x00000000a8924588}: com/aventstack/extentreports/model/context/NamedAttributeContextCustomizer> (0x00000000a8924588) 
thrown [s\src\hotspot\share\classfile\systemDictionary.cpp, line 313]
Event: 144.065 Thread 0x000002579a64fdb0 Exception <a 'java/lang/ClassNotFoundException'{0x00000000a6546588}: java/util/concurrent/ConcurrentHashMapBeanInfo> (0x00000000a6546588) 
thrown [s\src\hotspot\share\classfile\systemDictionary.cpp, line 313]
Event: 144.065 Thread 0x000002579a64fdb0 Exception <a 'java/lang/ClassNotFoundException'{0x00000000a65477f0}: java/util/AbstractMapBeanInfo> (0x00000000a65477f0) 
thrown [s\src\hotspot\share\classfile\systemDictionary.cpp, line 313]
Event: 144.065 Thread 0x000002579a64fdb0 Exception <a 'java/lang/ClassNotFoundException'{0x00000000a6548a20}: java/util/AbstractMapCustomizer> (0x00000000a6548a20) 
thrown [s\src\hotspot\share\classfile\systemDictionary.cpp, line 313]
Event: 144.072 Thread 0x000002579a64fdb0 Exception <a 'java/lang/ClassNotFoundException'{0x00000000a657b550}: java/util/concurrent/ConcurrentHashMapCustomizer> (0x00000000a657b550) 
thrown [s\src\hotspot\share\classfile\systemDictionary.cpp, line 313]
Event: 144.087 Thread 0x000002579a64fdb0 Exception <a 'java/lang/NoSuchMethodError'{0x00000000a65fb1e0}: 'long java.lang.invoke.DelegatingMethodHandle$Holder.reinvoke_L(java.lang.Object, java.lang.Object)'> (0x00000000a65fb1e0) 
thrown [s\src\hotspot\share\interpreter\linkResolver.cpp, line 796]
Event: 144.097 Thread 0x000002579a64fdb0 Exception <a 'java/lang/ClassNotFoundException'{0x00000000a641a258}: com/aventstack/extentreports/model/SystemEnvInfoBeanInfo> (0x00000000a641a258) 
thrown [s\src\hotspot\share\classfile\systemDictionary.cpp, line 313]
Event: 144.097 Thread 0x000002579a64fdb0 Exception <a 'java/lang/ClassNotFoundException'{0x00000000a641e5a0}: com/aventstack/extentreports/model/NameValuePairBeanInfo> (0x00000000a641e5a0) 
thrown [s\src\hotspot\share\classfile\systemDictionary.cpp, line 313]
Event: 144.098 Thread 0x000002579a64fdb0 Exception <a 'java/lang/ClassNotFoundException'{0x00000000a6422938}: com/aventstack/extentreports/model/NameValuePairCustomizer> (0x00000000a6422938) 
thrown [s\src\hotspot\share\classfile\systemDictionary.cpp, line 313]
Event: 144.099 Thread 0x000002579a64fdb0 Exception <a 'java/lang/ClassNotFoundException'{0x00000000a6429818}: com/aventstack/extentreports/model/SystemEnvInfoCustomizer> (0x00000000a6429818) 
thrown [s\src\hotspot\share\classfile\systemDictionary.cpp, line 313]

VM Operations (20 events):
Event: 120.147 Executing VM operation: HandshakeAllThreads (HandshakeForDeflation)
Event: 120.147 Executing VM operation: HandshakeAllThreads (HandshakeForDeflation) done
Event: 120.147 Executing VM operation: RendezvousGCThreads
Event: 120.147 Executing VM operation: RendezvousGCThreads done
Event: 143.614 Executing VM operation: G1CollectForAllocation (G1 Evacuation Pause)
Event: 143.617 Executing VM operation: G1CollectForAllocation (G1 Evacuation Pause) done
Event: 143.744 Executing VM operation: HandshakeAllThreads (Deoptimize)
Event: 143.744 Executing VM operation: HandshakeAllThreads (Deoptimize) done
Event: 143.745 Executing VM operation: HandshakeAllThreads (Deoptimize)
Event: 143.745 Executing VM operation: HandshakeAllThreads (Deoptimize) done
Event: 143.771 Executing VM operation: HandshakeAllThreads (Deoptimize)
Event: 143.771 Executing VM operation: HandshakeAllThreads (Deoptimize) done
Event: 143.817 Executing VM operation: HandshakeAllThreads (Deoptimize)
Event: 143.818 Executing VM operation: HandshakeAllThreads (Deoptimize) done
Event: 143.969 Executing VM operation: CollectForMetadataAllocation (Metadata GC Threshold)
Event: 143.976 Executing VM operation: CollectForMetadataAllocation (Metadata GC Threshold) done
Event: 144.022 Executing VM operation: G1PauseRemark
Event: 144.048 Executing VM operation: G1PauseRemark done
Event: 144.053 Executing VM operation: G1PauseCleanup
Event: 144.053 Executing VM operation: G1PauseCleanup done

Memory protections (0 events):
No events

Nmethod flushes (20 events):
Event: 144.044 Thread 0x00000257b42d0910 flushing  nmethod 0x00000257a096ab08
Event: 144.044 Thread 0x00000257b42d0910 flushing  nmethod 0x00000257a0970e88
Event: 144.044 Thread 0x00000257b42d0910 flushing  nmethod 0x00000257a0990108
Event: 144.044 Thread 0x00000257b42d0910 flushing  nmethod 0x00000257a0990608
Event: 144.044 Thread 0x00000257b42d0910 flushing  nmethod 0x00000257a0990c08
Event: 144.044 Thread 0x00000257b42d0910 flushing  nmethod 0x00000257a0990f08
Event: 144.044 Thread 0x00000257b42d0910 flushing  nmethod 0x00000257a0992c08
Event: 144.044 Thread 0x00000257b42d0910 flushing  nmethod 0x00000257a0992f88
Event: 144.044 Thread 0x00000257b42d0910 flushing  nmethod 0x00000257a09aab88
Event: 144.044 Thread 0x00000257b42d0910 flushing  nmethod 0x00000257a09ab188
Event: 144.044 Thread 0x00000257b42d0910 flushing  nmethod 0x00000257a09abc08
Event: 144.044 Thread 0x00000257b42d0910 flushing  nmethod 0x00000257a09ac608
Event: 144.044 Thread 0x00000257b42d0910 flushing  nmethod 0x00000257a09aca88
Event: 144.044 Thread 0x00000257b42d0910 flushing  nmethod 0x00000257a09af488
Event: 144.044 Thread 0x00000257b42d0910 flushing  nmethod 0x00000257a09b0408
Event: 144.044 Thread 0x00000257b42d0910 flushing  nmethod 0x00000257a0a75908
Event: 144.044 Thread 0x00000257b42d0910 flushing  nmethod 0x00000257a0a76508
Event: 144.044 Thread 0x00000257b42d0910 flushing  nmethod 0x00000257a0a76a08
Event: 144.044 Thread 0x00000257b42d0910 flushing  nmethod 0x00000257a0ae3c88
Event: 144.044 Thread 0x00000257b42d0910 flushing  nmethod 0x00000257a0ae5708

Events (20 events):
Event: 88.230 Thread 0x000002579a64fdb0 Thread added: 0x00000257fb99ffd0
Event: 88.230 Thread 0x000002579a64fdb0 Thread added: 0x00000257fb99be30
Event: 88.279 Thread 0x000002579a64fdb0 Thread added: 0x00000257fb9a0660
Event: 88.281 Thread 0x00000257fb9a2dc0 Thread added: 0x00000257fb9a3450
Event: 91.926 Thread 0x00000257fb9a2dc0 Thread added: 0x00000257fc3c0f50
Event: 95.278 Thread 0x00000257fc3c0230 Thread exited: 0x00000257fc3c0230
Event: 95.278 Thread 0x00000257fb9a1a10 Thread exited: 0x00000257fb9a1a10
Event: 95.279 Thread 0x000002579a64fdb0 Thread added: 0x00000257fc3c15e0
Event: 95.750 Thread 0x00000257fc3c15e0 Thread exited: 0x00000257fc3c15e0
Event: 95.755 Thread 0x000002579a64fdb0 Thread added: 0x00000257fc3c0230
Event: 95.763 Thread 0x000002579a64fdb0 Thread added: 0x00000257fc3c15e0
Event: 95.764 Thread 0x000002579a64fdb0 Thread added: 0x00000257fc3be7f0
Event: 95.764 Thread 0x000002579a64fdb0 Thread added: 0x00000257fb9a1a10
Event: 95.813 Thread 0x000002579a64fdb0 Thread added: 0x00000257fb184ce0
Event: 95.815 Thread 0x00000257fc3c0230 Thread added: 0x00000257fb1832a0
Event: 98.829 Thread 0x00000257fc3c0230 Thread added: 0x00000257fb185370
Event: 129.526 Thread 0x00000257fb9a0cf0 Thread exited: 0x00000257fb9a0cf0
Event: 129.542 Thread 0x00000257fb9a1380 Thread exited: 0x00000257fb9a1380
Event: 129.542 Thread 0x00000257fb99df00 Thread exited: 0x00000257fb99df00
Event: 143.619 Thread 0x00000257fb9a2dc0 Thread exited: 0x00000257fb9a2dc0


Dynamic libraries:
0x00007ff6c9f80000 - 0x00007ff6c9f8e000 	C:\Users\SWATI LAHANE\.p2\pool\plugins\org.eclipse.justj.openjdk.hotspot.jre.full.win32.x86_64_23.0.0.v20240919-1706\jre\bin\javaw.exe
0x00007ff87d5f0000 - 0x00007ff87d807000 	C:\Windows\SYSTEM32\ntdll.dll
0x00007ff87c730000 - 0x00007ff87c7f4000 	C:\Windows\System32\KERNEL32.DLL
0x00007ff87a7c0000 - 0x00007ff87ab93000 	C:\Windows\System32\KERNELBASE.dll
0x00007ff87adb0000 - 0x00007ff87aec1000 	C:\Windows\System32\ucrtbase.dll
0x00007ff866cc0000 - 0x00007ff866cd7000 	C:\Users\SWATI LAHANE\.p2\pool\plugins\org.eclipse.justj.openjdk.hotspot.jre.full.win32.x86_64_23.0.0.v20240919-1706\jre\bin\jli.dll
0x00007ff865bb0000 - 0x00007ff865bcb000 	C:\Users\SWATI LAHANE\.p2\pool\plugins\org.eclipse.justj.openjdk.hotspot.jre.full.win32.x86_64_23.0.0.v20240919-1706\jre\bin\VCRUNTIME140.dll
0x00007ff87cf70000 - 0x00007ff87d121000 	C:\Windows\System32\USER32.dll
0x00007ff87aed0000 - 0x00007ff87aef6000 	C:\Windows\System32\win32u.dll
0x00007ff8650b0000 - 0x00007ff865348000 	C:\Windows\WinSxS\amd64_microsoft.windows.common-controls_6595b64144ccf1df_6.0.22621.5124_none_270e8f4f7386d69d\COMCTL32.dll
0x00007ff87cc40000 - 0x00007ff87cc69000 	C:\Windows\System32\GDI32.dll
0x00007ff87afb0000 - 0x00007ff87b0cb000 	C:\Windows\System32\gdi32full.dll
0x00007ff87b460000 - 0x00007ff87b507000 	C:\Windows\System32\msvcrt.dll
0x00007ff87aba0000 - 0x00007ff87ac3a000 	C:\Windows\System32\msvcp_win.dll
0x00007ff87cde0000 - 0x00007ff87ce11000 	C:\Windows\System32\IMM32.DLL
0x00007ff869200000 - 0x00007ff86920c000 	C:\Users\SWATI LAHANE\.p2\pool\plugins\org.eclipse.justj.openjdk.hotspot.jre.full.win32.x86_64_23.0.0.v20240919-1706\jre\bin\vcruntime140_1.dll
0x00007ff8453f0000 - 0x00007ff84547e000 	C:\Users\SWATI LAHANE\.p2\pool\plugins\org.eclipse.justj.openjdk.hotspot.jre.full.win32.x86_64_23.0.0.v20240919-1706\jre\bin\msvcp140.dll
0x00007fffc80c0000 - 0x00007fffc8e8d000 	C:\Users\SWATI LAHANE\.p2\pool\plugins\org.eclipse.justj.openjdk.hotspot.jre.full.win32.x86_64_23.0.0.v20240919-1706\jre\bin\server\jvm.dll
0x00007ff87ce20000 - 0x00007ff87ced1000 	C:\Windows\System32\ADVAPI32.dll
0x00007ff87b290000 - 0x00007ff87b338000 	C:\Windows\System32\sechost.dll
0x00007ff87af00000 - 0x00007ff87af28000 	C:\Windows\System32\bcrypt.dll
0x00007ff87c500000 - 0x00007ff87c614000 	C:\Windows\System32\RPCRT4.dll
0x00007ff87c970000 - 0x00007ff87c9e1000 	C:\Windows\System32\WS2_32.dll
0x00007ff87a420000 - 0x00007ff87a46d000 	C:\Windows\SYSTEM32\POWRPROF.dll
0x00007ff870d00000 - 0x00007ff870d0a000 	C:\Windows\SYSTEM32\VERSION.dll
0x00007ff874dd0000 - 0x00007ff874e04000 	C:\Windows\SYSTEM32\WINMM.dll
0x00007ff87a400000 - 0x00007ff87a413000 	C:\Windows\SYSTEM32\UMPDC.dll
0x00007ff879700000 - 0x00007ff879718000 	C:\Windows\SYSTEM32\kernel.appcore.dll
0x00007ff8764e0000 - 0x00007ff8764ea000 	C:\Users\SWATI LAHANE\.p2\pool\plugins\org.eclipse.justj.openjdk.hotspot.jre.full.win32.x86_64_23.0.0.v20240919-1706\jre\bin\jimage.dll
0x00007ff878190000 - 0x00007ff8783c2000 	C:\Windows\SYSTEM32\DBGHELP.DLL
0x00007ff87d210000 - 0x00007ff87d5a2000 	C:\Windows\System32\combase.dll
0x00007ff87d130000 - 0x00007ff87d207000 	C:\Windows\System32\OLEAUT32.dll
0x00007ff8533a0000 - 0x00007ff8533d2000 	C:\Windows\SYSTEM32\dbgcore.DLL
0x00007ff87b0d0000 - 0x00007ff87b14b000 	C:\Windows\System32\bcryptPrimitives.dll
0x00007ff873af0000 - 0x00007ff873b0e000 	C:\Users\SWATI LAHANE\.p2\pool\plugins\org.eclipse.justj.openjdk.hotspot.jre.full.win32.x86_64_23.0.0.v20240919-1706\jre\bin\java.dll
0x00007ff87ca70000 - 0x00007ff87cc11000 	C:\Windows\System32\ole32.dll
0x00007ff87b620000 - 0x00007ff87beb6000 	C:\Windows\System32\SHELL32.dll
0x00007ff87b150000 - 0x00007ff87b28f000 	C:\Windows\System32\wintypes.dll
0x00007ff8785d0000 - 0x00007ff878eea000 	C:\Windows\SYSTEM32\windows.storage.dll
0x00007ff87c620000 - 0x00007ff87c72a000 	C:\Windows\System32\SHCORE.dll
0x00007ff87b3f0000 - 0x00007ff87b453000 	C:\Windows\System32\shlwapi.dll
0x00007ff87a630000 - 0x00007ff87a65b000 	C:\Windows\SYSTEM32\profapi.dll
0x00007ff868830000 - 0x00007ff868847000 	C:\Users\SWATI LAHANE\.p2\pool\plugins\org.eclipse.justj.openjdk.hotspot.jre.full.win32.x86_64_23.0.0.v20240919-1706\jre\bin\zip.dll
0x00007ff876050000 - 0x00007ff876060000 	C:\Users\SWATI LAHANE\.p2\pool\plugins\org.eclipse.justj.openjdk.hotspot.jre.full.win32.x86_64_23.0.0.v20240919-1706\jre\bin\net.dll
0x00007ff879bb0000 - 0x00007ff879c1a000 	C:\Windows\system32\mswsock.dll
0x00007ff866db0000 - 0x00007ff866dc6000 	C:\Users\SWATI LAHANE\.p2\pool\plugins\org.eclipse.justj.openjdk.hotspot.jre.full.win32.x86_64_23.0.0.v20240919-1706\jre\bin\nio.dll
0x00007ff879150000 - 0x00007ff87917d000 	C:\Windows\SYSTEM32\IPHLPAPI.DLL
0x00007ff87c8b0000 - 0x00007ff87c8b9000 	C:\Windows\System32\NSI.dll
0x00007ff867b90000 - 0x00007ff867b99000 	C:\Users\SWATI LAHANE\.p2\pool\plugins\org.eclipse.justj.openjdk.hotspot.jre.full.win32.x86_64_23.0.0.v20240919-1706\jre\bin\extnet.dll
0x00007ff875850000 - 0x00007ff875860000 	C:\Users\SWATI LAHANE\.p2\pool\plugins\org.eclipse.justj.openjdk.hotspot.jre.full.win32.x86_64_23.0.0.v20240919-1706\jre\bin\verify.dll
0x00007ff879e00000 - 0x00007ff879e1b000 	C:\Windows\SYSTEM32\CRYPTSP.dll
0x00007ff879660000 - 0x00007ff879697000 	C:\Windows\system32\rsaenh.dll
0x00007ff879ca0000 - 0x00007ff879cc8000 	C:\Windows\SYSTEM32\USERENV.dll
0x00007ff879e20000 - 0x00007ff879e2c000 	C:\Windows\SYSTEM32\CRYPTBASE.dll
0x00007ff8791c0000 - 0x00007ff8792c2000 	C:\Windows\SYSTEM32\DNSAPI.dll
0x00007ff8763a0000 - 0x00007ff8763aa000 	C:\Windows\System32\rasadhlp.dll
0x00007ff8746e0000 - 0x00007ff874763000 	C:\Windows\System32\fwpuclnt.dll
0x00007ff873570000 - 0x00007ff87357e000 	C:\Users\SWATI LAHANE\.p2\pool\plugins\org.eclipse.justj.openjdk.hotspot.jre.full.win32.x86_64_23.0.0.v20240919-1706\jre\bin\sunmscapi.dll
0x00007ff87ac40000 - 0x00007ff87ada7000 	C:\Windows\System32\CRYPT32.dll
0x00007ff879fc0000 - 0x00007ff879fed000 	C:\Windows\SYSTEM32\ncrypt.dll
0x00007ff879f80000 - 0x00007ff879fb7000 	C:\Windows\SYSTEM32\NTASN1.dll
0x00007ff805ed0000 - 0x00007ff805ed8000 	C:\Windows\system32\wshunix.dll

dbghelp: loaded successfully - version: 4.0.5 - missing functions: none
symbol engine: initialized successfully - sym options: 0x614 - pdb path: .;C:\Users\SWATI LAHANE\.p2\pool\plugins\org.eclipse.justj.openjdk.hotspot.jre.full.win32.x86_64_23.0.0.v20240919-1706\jre\bin;C:\Windows\SYSTEM32;C:\Windows\WinSxS\amd64_microsoft.windows.common-controls_6595b64144ccf1df_6.0.22621.5124_none_270e8f4f7386d69d;C:\Users\SWATI LAHANE\.p2\pool\plugins\org.eclipse.justj.openjdk.hotspot.jre.full.win32.x86_64_23.0.0.v20240919-1706\jre\bin\server

VM Arguments:
jvm_args: -ea -Dfile.encoding=UTF-8 -Dstdout.encoding=UTF-8 -Dstderr.encoding=UTF-8 -XX:+ShowCodeDetailsInExceptionMessages 
java_command: org.eclipse.jdt.internal.junit.runner.RemoteTestRunner -version 3 -port 58992 -testLoaderClass org.eclipse.jdt.internal.junit4.runner.JUnit4TestLoader -loaderpluginname org.eclipse.jdt.junit4.runtime -classNames StepDefinition.TestRunner
java_class_path (initial): D:\LiveProject1\BakingProject\target\test-classes;D:\LiveProject1\BakingProject\target\classes;C:\Users\SWATI LAHANE\.m2\repository\junit\junit\4.11\junit-4.11.jar;C:\Users\SWATI LAHANE\.m2\repository\org\hamcrest\hamcrest-core\1.3\hamcrest-core-1.3.jar;C:\Users\SWATI LAHANE\.m2\repository\org\seleniumhq\selenium\selenium-java\4.18.1\selenium-java-4.18.1.jar;C:\Users\SWATI LAHANE\.m2\repository\org\seleniumhq\selenium\selenium-api\4.18.1\selenium-api-4.18.1.jar;C:\Users\SWATI LAHANE\.m2\repository\org\seleniumhq\selenium\selenium-chrome-driver\4.18.1\selenium-chrome-driver-4.18.1.jar;C:\Users\SWATI LAHANE\.m2\repository\com\google\auto\service\auto-service-annotations\1.1.1\auto-service-annotations-1.1.1.jar;C:\Users\SWATI LAHANE\.m2\repository\org\seleniumhq\selenium\selenium-chromium-driver\4.18.1\selenium-chromium-driver-4.18.1.jar;C:\Users\SWATI LAHANE\.m2\repository\org\seleniumhq\selenium\selenium-json\4.18.1\selenium-json-4.18.1.jar;C:\Users\SWATI LAHANE\.m2\repository\org\seleniumhq\selenium\selenium-manager\4.18.1\selenium-manager-4.18.1.jar;C:\Users\SWATI LAHANE\.m2\repository\org\seleniumhq\selenium\selenium-devtools-v120\4.18.1\selenium-devtools-v120-4.18.1.jar;C:\Users\SWATI LAHANE\.m2\repository\org\seleniumhq\selenium\selenium-devtools-v121\4.18.1\selenium-devtools-v121-4.18.1.jar;C:\Users\SWATI LAHANE\.m2\repository\org\seleniumhq\selenium\selenium-devtools-v122\4.18.1\selenium-devtools-v122-4.18.1.jar;C:\Users\SWATI LAHANE\.m2\repository\org\seleniumhq\selenium\selenium-devtools-v85\4.18.1\selenium-devtools-v85-4.18.1.jar;C:\Users\SWATI LAHANE\.m2\repository\org\seleniumhq\selenium\selenium-edge-driver\4.18.1\selenium-edge-driver-4.18.1.jar;C:\Users\SWATI LAHANE\.m2\repository\org\seleniumhq\selenium\selenium-firefox-driver\4.18.1\selenium-firefox-driver-4.18.1.jar;C:\Users\SWATI LAHANE\.m2\repository\org\seleniumhq\selenium\selenium-http\4.18.1\selenium-http-4.18.1.jar;C:\Users\SWATI LAHANE\.m2\repository\dev\failsafe\failsafe\3.3.2\failsafe-3.3.2.jar;C:\Users\SWATI LAHANE\.m2\repository\org\seleniumhq\selenium\selenium-ie-driver\4.18.1\selenium-ie-driver-4.18.1.jar;C:\Users\SWATI LAHANE\.m2\repository\org\seleniumhq\selenium\selenium-remote-driver\4.18.1\selenium-remote-driver-4.18.1.jar;C:\Users\SWATI LAHANE\.m2\repository\com\google\guava\guava\33.0.0-jre\guava-33.0.0-jre.jar;C:\Users\SWATI LAHANE\.m2\repository\com\google\guava\failureaccess\1.0.2\failureaccess-1.0.2.jar;C:\Users\SWATI LAHANE\.m2\repository\com\google\guava\listenablefuture\9999.0-empty-to-avoid-conflict-with-guava\listenablefuture-9999.0-empty-to-avoid-conflict-with-guava.jar;C:\Users\SWATI LAHANE\.m2\repository\com\google\code\findbugs\jsr305\3.0.2\jsr305-3.0.2.jar;C:\Users\SWATI LAHANE\.m2\repository\org\checkerframework\checker-qual\3.41.0\checker-qual-3.41.0.jar;C:\Users\SWATI LAHANE\.m2\repository\com\google\errorprone\error_prone_annotations\2.23.0\error_prone_annotations-2.23.0.jar;C:\Users\SWATI LAHANE\.m2\repository\com\google\j2objc\j2objc-annotations\2.8\j2objc-annotations-2.8.jar;C:\Users\SWATI LAHANE\.m2\repository\io\opentelemetry\semconv\opentelemetry-semconv\1.23.1-alpha\opentelemetry-semconv-1.23.1-alpha.jar;C:\Users\SWATI LAHANE\.m2\repository\io\opentelemetry\opentelemetry-api\1.35.0\opentelemetry-api-1.35.0.jar;C:\Users\SWATI LAHANE\.m2\repository\io\opentelemetry\opentelemetry-context\1.35.0\opentelemetry-context-1.35.0.jar;C:\Users\SWATI LAHANE\.m2\repository\io\opentelemetry\opentelemetry-exporter-logging\1.35.0\opentelemetry-exporter-logging-1.35.0.jar;C:\Users\SWATI LAHANE\.m2\repository\io\opentelemetry\opentelemetry-sdk-common\1.35.0\opentelemetry-sdk-common-1.35.0.jar;C:\Users\SWATI LAHANE\.m2\repository\io\opentelemetry\opentelemetry-sdk-extension-autoconfigure-spi\1.35.0\opentelemetry-sdk-extension-autoconfigure-spi-1.35.0.jar;C:\Users\SWATI LAHANE\.m2\repository\io\opentelemetry\opentelemetry-sdk-extension-autoconfigure\1.35.0\opentelemetry-sdk-extension-autoconfigure-1.35.0.jar;C:\Users\SWATI LAHANE\.m2\repository\io\opentelemetry\opentelemetry-api-events\1.35.0-alpha\opentelemetry-api-events-1.35.0-alpha.jar;C:\Users\SWATI LAHANE\.m2\repository\io\opentelemetry\opentelemetry-sdk-trace\1.35.0\opentelemetry-sdk-trace-1.35.0.jar;C:\Users\SWATI LAHANE\.m2\repository\io\opentelemetry\opentelemetry-extension-incubator\1.35.0-alpha\opentelemetry-extension-incubator-1.35.0-alpha.jar;C:\Users\SWATI LAHANE\.m2\repository\io\opentelemetry\opentelemetry-sdk\1.35.0\opentelemetry-sdk-1.35.0.jar;C:\Users\SWATI LAHANE\.m2\repository\io\opentelemetry\opentelemetry-sdk-metrics\1.35.0\opentelemetry-sdk-metrics-1.35.0.jar;C:\Users\SWATI LAHANE\.m2\repository\io\opentelemetry\opentelemetry-sdk-logs\1.35.0\opentelemetry-sdk-logs-1.35.0.jar;C:\Users\SWATI LAHANE\.m2\repository\net\bytebuddy\byte-buddy\1.14.12\byte-buddy-1.14.12.jar;C:\Users\SWATI LAHANE\.m2\repository\org\seleniumhq\selenium\selenium-os\4.18.1\selenium-os-4.18.1.jar;C:\Users\SWATI LAHANE\.m2\repository\org\apache\commons\commons-exec\1.3\commons-exec-1.3.jar;C:\Users\SWATI LAHANE\.m2\repository\org\seleniumhq\selenium\selenium-safari-driver\4.18.1\selenium-safari-driver-4.18.1.jar;C:\Users\SWATI LAHANE\.m2\repository\org\seleniumhq\selenium\selenium-support\4.18.1\selenium-support-4.18.1.jar;C:\Users\SWATI LAHANE\.m2\repository\io\cucumber\cucumber-java\7.15.0\cucumber-java-7.15.0.jar;C:\Users\SWATI LAHANE\.m2\repository\io\cucumber\cucumber-core\7.15.0\cucumber-core-7.15.0.jar;C:\Users\SWATI LAHANE\.m2\repository\io\cucumber\cucumber-gherkin\7.15.0\cucumber-gherkin-7.15.0.jar;C:\Users\SWATI LAHANE\.m2\repository\io\cucumber\cucumber-gherkin-messages\7.15.0\cucumber-gherkin-messages-7.15.0.jar;C:\Users\SWATI LAHANE\.m2\repository\io\cucumber\gherkin\26.2.0\gherkin-26.2.0.jar;C:\Users\SWATI LAHANE\.m2\repository\io\cucumber\messages\22.0.0\messages-22.0.0.jar;C:\Users\SWATI LAHANE\.m2\repository\io\cucumber\tag-expressions\6.0.0\tag-expressions-6.0.0.jar;C:\Users\SWATI LAHANE\.m2\repository\io\cucumber\cucumber-expressions\17.0.1\cucumber-expressions-17.0.1.jar;C:\Users\SWATI LAHANE\.m2\repository\io\cucumber\datatable\7.15.0\datatable-7.15.0.jar;C:\Users\SWATI LAHANE\.m2\repository\io\cucumber\cucumber-plugin\7.15.0\cucumber-plugin-7.15.0.jar;C:\Users\SWATI LAHANE\.m2\repository\io\cucumber\docstring\7.15.0\docstring-7.15.0.jar;C:\Users\SWATI LAHANE\.m2\repository\io\cucumber\html-formatter\20.4.0\html-formatter-20.4.0.jar;C:\Users\SWATI LAHANE\.m2\repository\io\cucumber\junit-xml-formatter\0.2.0\junit-xml-formatter-0.2.0.jar;C:\Users\SWATI LAHANE\.m2\repository\io\cucumber\ci-environment\10.0.0\ci-environment-10.0.0.jar;C:\Users\SWATI LAHANE\.m2\repository\org\apiguardian\apiguardian-api\1.1.2\apiguardian-api-1.1.2.jar;C:\Users\SWATI LAHANE\.m2\repository\io\cucumber\cucumber-junit\7.13.0\cucumber-junit-7.13.0.jar;C:\Users\SWATI LAHANE\.m2\repository\org\testng\testng\7.7.1\testng-7.7.1.jar;C:\Users\SWATI LAHANE\.m2\repository\org\slf4j\slf4j-api\1.7.36\slf4j-api-1.7.36.jar;C:\Users\SWATI LAHANE\.m2\repository\com\beust\jcommander\1.82\jcommander-1.82.jar;C:\Users\SWATI LAHANE\.m2\repository\org\webjars\jquery\3.6.1\jquery-3.6.1.jar;C:\Users\SWATI LAHANE\.m2\repository\org\apache\poi\poi-ooxml\5.2.3\poi-ooxml-5.2.3.jar;C:\Users\SWATI LAHANE\.m2\repository\org\apache\poi\poi\5.2.3\poi-5.2.3.jar;C:\Users\SWATI LAHANE\.m2\repository\commons-codec\commons-codec\1.15\commons-codec-1.15.jar;C:\Users\SWATI LAHANE\.m2\repository\org\apache\commons\commons-math3\3.6.1\commons-math3-3.6.1.jar;C:\Users\SWATI LAHANE\.m2\repository\com\zaxxer\SparseBitSet\1.2\SparseBitSet-1.2.jar;C:\Users\SWATI LAHANE\.m2\repository\org\apache\poi\poi-ooxml-lite\5.2.3\poi-ooxml-lite-5.2.3.jar;C:\Users\SWATI LAHANE\.m2\repository\org\apache\xmlbeans\xmlbeans\5.1.1\xmlbeans-5.1.1.jar;C:\Users\SWATI LAHANE\.m2\repository\org\apache\commons\commons-compress\1.21\commons-compress-1.21.jar;C:\Users\SWATI LAHANE\.m2\repository\commons-io\commons-io\2.11.0\commons-io-2.11.0.jar;C:\Users\SWATI LAHANE\.m2\repository\com\github\virtuald\curvesapi\1.07\curvesapi-1.07.jar;C:\Users\SWATI LAHANE\.m2\repository\org\apache\logging\log4j\log4j-api\2.18.0\log4j-api-2.18.0.jar;C:\Users\SWATI LAHANE\.m2\repository\org\apache\commons\commons-collections4\4.4\commons-collections4-4.4.jar;C:\Users\SWATI LAHANE\.m2\repository\tech\grasshopper\extent-excel-report\1.4.0\extent-excel-report-1.4.0.jar;C:\Users\SWATI LAHANE\.m2\repository\org\projectlombok\lombok\1.18.24\lombok-1.18.24.jar;C:\Users\SWATI LAHANE\.m2\repository\com\aventstack\extentreports\5.1.0\extentreports-5.1.0.jar;C:\Users\SWATI LAHANE\.m2\repository\io\reactivex\rxjava3\rxjava\3.1.6\rxjava-3.1.6.jar;C:\Users\SWATI LAHANE\.m2\repository\org\reactivestreams\reactive-streams\1.0.4\reactive-streams-1.0.4.jar;C:\Users\SWATI LAHANE\.m2\repository\org\freemarker\freemarker\2.3.32\freemarker-2.3.32.jar;C:\Users\SWATI LAHANE\.m2\repository\com\google\code\gson\gson\2.10.1\gson-2.10.1.jar;C:\Users\SWATI LAHANE\.m2\repository\tech\grasshopper\extentreports-cucumber7-adapter\1.14.0\extentreports-cucumber7-adapter-1.14.0.jar;C:\Users\SWATI LAHANE\.m2\repository\tech\grasshopper\extent-pdf-report\2.12.0\extent-pdf-report-2.12.0.jar;C:\Users\SWATI LAHANE\.m2\repository\tech\grasshopper\cucumber-pdf-report\2.14.0\cucumber-pdf-report-2.14.0.jar;C:\Users\SWATI LAHANE\.m2\repository\org\apache\pdfbox\pdfbox\2.0.26\pdfbox-2.0.26.jar;C:\Users\SWATI LAHANE\.m2\repository\org\apache\pdfbox\fontbox\2.0.26\fontbox-2.0.26.jar;C:\Users\SWATI LAHANE\.m2\repository\org\knowm\xchart\xchart\3.8.0\xchart-3.8.0.jar;C:\Users\SWATI LAHANE\.m2\repository\de\erichseifert\vectorgraphics2d\VectorGraphics2D\0.13\VectorGraphics2D-0.13.jar;C:\Users\SWATI LAHANE\.m2\repository\de\rototor\pdfbox\graphics2d\0.30\graphics2d-0.30.jar;C:\Users\SWATI LAHANE\.m2\repository\com\madgag\animated-gif-lib\1.4\animated-gif-lib-1.4.jar;C:\Users\SWATI LAHANE\.m2\repository\org\yaml\snakeyaml\2.0\snakeyaml-2.0.jar;C:\Users\SWATI LAHANE\.m2\repository\tech\grasshopper\table-layout\1.5.1\table-layout-1.5.1.jar;C:\Users\SWATI LAHANE\.m2\repository\tech\grasshopper\rest-assured-cucumber-pdf-report\1.5.0\rest-assured-cucumber-pdf-report-1.5.0.jar;C:\Users\SWATI LAHANE\.m2\repository\org\jsoup\jsoup\1.15.3\jsoup-1.15.3.jar;C:\Users\SWATI LAHANE\.m2\repository\com\aventstack\klov-reporter\5.1.0\klov-reporter-5.1.0.jar;C:\Users\SWATI LAHANE\.m2\repository\org\mongodb\mongodb-driver\3.6.4\mongodb-driver-3.6.4.jar;C:\Users\SWATI LAHANE\.m2\repository\org\mongodb\mongodb-driver-core\3.6.4\mongodb-driver-core-3.6.4.jar;C:\Users\SWATI LAHANE\.m2\repository\org\mongodb\bson\3.6.4\bson-3.6.4.jar;C:\Users\SWATI LAHANE\.m2\repository\org\apache\httpcomponents\httpclient\4.5.13\httpclient-4.5.13.jar;C:\Users\SWATI LAHANE\.m2\repository\org\apache\httpcomponents\httpcore\4.4.13\httpcore-4.4.13.jar;C:\Users\SWATI LAHANE\.m2\repository\commons-logging\commons-logging\1.2\commons-logging-1.2.jar;C:\Users\SWATI LAHANE\.m2\repository\org\apache\httpcomponents\httpmime\4.5.13\httpmime-4.5.13.jar;C:\Users\SWATI LAHANE\.m2\repository\tech\grasshopper\htmlextentreporter\1.1.0\htmlextentreporter-1.1.0.jar;C:\Users\SWATI LAHANE\eclipse\java-2024-093\eclipse\configuration\org.eclipse.osgi\249\0\.cp;C:\Users\SWATI LAHANE\eclipse\java-2024-093\eclipse\configuration\org.eclipse.osgi\248\0\.cp
Launcher Type: SUN_STANDARD

[Global flags]
     intx CICompilerCount                          = 4                                         {product} {ergonomic}
     uint ConcGCThreads                            = 2                                         {product} {ergonomic}
     uint G1ConcRefinementThreads                  = 8                                         {product} {ergonomic}
   size_t G1HeapRegionSize                         = 1048576                                   {product} {ergonomic}
   size_t InitialHeapSize                          = 98566144                                  {product} {ergonomic}
   size_t MarkStackSize                            = 4194304                                   {product} {ergonomic}
   size_t MarkStackSizeMax                         = 536870912                                 {product} {ergonomic}
   size_t MaxHeapSize                              = 1564475392                                {product} {ergonomic}
   size_t MaxNewSize                               = 938475520                                 {product} {ergonomic}
   size_t MinHeapDeltaBytes                        = 1048576                                   {product} {ergonomic}
   size_t MinHeapSize                              = 8388608                                   {product} {ergonomic}
    uintx NonNMethodCodeHeapSize                   = 5832704                                {pd product} {ergonomic}
    uintx NonProfiledCodeHeapSize                  = 122945536                              {pd product} {ergonomic}
    uintx ProfiledCodeHeapSize                     = 122880000                              {pd product} {ergonomic}
    uintx ReservedCodeCacheSize                    = 251658240                              {pd product} {ergonomic}
     bool SegmentedCodeCache                       = true                                      {product} {ergonomic}
     bool ShowCodeDetailsInExceptionMessages       = true                                   {manageable} {command line}
   size_t SoftMaxHeapSize                          = 1564475392                             {manageable} {ergonomic}
     bool UseCompressedOops                        = true                           {product lp64_product} {ergonomic}
     bool UseG1GC                                  = true                                      {product} {ergonomic}
     bool UseLargePagesIndividualAllocation        = false                                  {pd product} {ergonomic}

Logging:
Log output configuration:
 #0: stdout all=warning uptime,level,tags foldmultilines=false
 #1: stderr all=off uptime,level,tags foldmultilines=false

Environment Variables:
PATH=C:/Users/SWATI LAHANE/.p2/pool/plugins/org.eclipse.justj.openjdk.hotspot.jre.full.win32.x86_64_23.0.0.v20240919-1706/jre/bin/server;C:/Users/SWATI LAHANE/.p2/pool/plugins/org.eclipse.justj.openjdk.hotspot.jre.full.win32.x86_64_23.0.0.v20240919-1706/jre/bin;C:\Program Files\Common Files\Oracle\Java\javapath;C:\Program Files\Eclipse Adoptium\jdk-21.0.4.7-hotspot\bin;C:\Windows\system32;C:\Windows;C:\Windows\System32\Wbem;C:\Windows\System32\WindowsPowerShell\v1.0\;C:\Windows\System32\OpenSSH\;C:\Program Files\Git\cmd;C:\MinGW\bin;C:\Users\SWATI LAHANE\AppData\Local\Microsoft\WindowsApps;C:\Users\SWATI LAHANE\AppData\Local\Programs\Microsoft VS Code\bin;C:\Windows\System32;
USERNAME=SWATI LAHANE
OS=Windows_NT
PROCESSOR_IDENTIFIER=AMD64 Family 23 Model 160 Stepping 0, AuthenticAMD
TMP=C:\Users\SWATIL~1\AppData\Local\Temp
TEMP=C:\Users\SWATIL~1\AppData\Local\Temp




Periodic native trim disabled

---------------  S Y S T E M  ---------------

OS:
 Windows 11 , 64 bit Build 22621 (10.0.22621.5124)
OS uptime: 3 days 14:30 hours
Hyper-V role detected

CPU: total 8 (initial active 8) (8 cores per cpu, 2 threads per core) family 23 model 160 stepping 0 microcode 0x0, cx8, cmov, fxsr, ht, mmx, 3dnowpref, sse, sse2, sse3, ssse3, sse4a, sse4.1, sse4.2, popcnt, lzcnt, tsc, tscinvbit, avx, avx2, aes, clmul, bmi1, bmi2, adx, sha, fma, vzeroupper, clflush, clflushopt, hv, rdtscp, rdpid, f16c
Processor Information for processor 0
  Max Mhz: 2801, Current Mhz: 2801, Mhz Limit: 2801
Processor Information for processor 1
  Max Mhz: 2801, Current Mhz: 2246, Mhz Limit: 2801
Processor Information for processor 2
  Max Mhz: 2801, Current Mhz: 2246, Mhz Limit: 2801
Processor Information for processor 3
  Max Mhz: 2801, Current Mhz: 2246, Mhz Limit: 2801
Processor Information for processor 4
  Max Mhz: 2801, Current Mhz: 2246, Mhz Limit: 2801
Processor Information for processor 5
  Max Mhz: 2801, Current Mhz: 2801, Mhz Limit: 2801
Processor Information for processor 6
  Max Mhz: 2801, Current Mhz: 2246, Mhz Limit: 2801
Processor Information for processor 7
  Max Mhz: 2801, Current Mhz: 2246, Mhz Limit: 2801

Memory: 4k page, system-wide physical 5965M (36M free)
TotalPageFile size 24397M (AvailPageFile size 5M)
current process WorkingSet (physical memory assigned to process): 135M, peak: 173M
current process commit charge ("private bytes"): 212M, peak: 240M

vm_info: OpenJDK 64-Bit Server VM (23+37) for windows-amd64 JRE (23+37), built on 2024-09-17T00:00:00Z with MS VC++ 17.7 (VS2022)

END.
